#
# There is insufficient memory for the Java Runtime Environment to continue.
# Native memory allocation (malloc) failed to allocate 31981568 bytes for committing reserved memory.
# Possible reasons:
#   The system is out of physical RAM or swap space
#   In 32 bit mode, the process size limit was hit
# Possible solutions:
#   Reduce memory load on the system
#   Increase physical memory or swap space
#   Check if swap backing store is full
#   Use 64 bit Java on a 64 bit OS
#   Decrease Java heap size (-Xmx/-Xms)
#   Decrease number of Java threads
#   Decrease Java thread stack sizes (-Xss)
#   Set larger code cache with -XX:ReservedCodeCacheSize=
# This output file may be truncated or incomplete.
#
#  Out of Memory Error (os_linux.cpp:2745), pid=4504, tid=140051766568704
#
# JRE version: Java(TM) SE Runtime Environment (7.0_67-b01) (build 1.7.0_67-b01)
# Java VM: Java HotSpot(TM) 64-Bit Server VM (24.65-b04 mixed mode linux-amd64 compressed oops)
# Failed to write core dump. Core dumps have been disabled. To enable core dumping, try "ulimit -c unlimited" before starting Java again
#

---------------  T H R E A D  ---------------

Current thread (0x00007f605c065800):  VMThread [stack: 0x00007f6057bbe000,0x00007f6057cbf000] [id=4510]

Stack: [0x00007f6057bbe000,0x00007f6057cbf000],  sp=0x00007f6057cbd240,  free space=1020k
Native frames: (J=compiled Java code, j=interpreted, Vv=VM code, C=native code)
V  [libjvm.so+0x99eb8a]  VMError::report_and_die()+0x2ea
V  [libjvm.so+0x49721b]  report_vm_out_of_memory(char const*, int, unsigned long, char const*)+0x9b
V  [libjvm.so+0x81d9ae]  os::Linux::commit_memory_impl(char*, unsigned long, bool)+0xfe
V  [libjvm.so+0x81def9]  os::pd_commit_memory(char*, unsigned long, unsigned long, bool)+0x29
V  [libjvm.so+0x817caa]  os::commit_memory(char*, unsigned long, unsigned long, bool)+0x2a
V  [libjvm.so+0x88a7a3]  PSVirtualSpace::expand_by(unsigned long)+0x53
V  [libjvm.so+0x88bb78]  PSYoungGen::resize_generation(unsigned long, unsigned long)+0xf8
V  [libjvm.so+0x88ace2]  PSYoungGen::resize(unsigned long, unsigned long)+0x22
V  [libjvm.so+0x888133]  PSScavenge::invoke_no_policy()+0xfb3
V  [libjvm.so+0x8888e1]  PSScavenge::invoke()+0x41
V  [libjvm.so+0x83f510]  ParallelScavengeHeap::failed_mem_allocate(unsigned long)+0x70
V  [libjvm.so+0x9a0417]  VM_ParallelGCFailedAllocation::doit()+0x97
V  [libjvm.so+0x9a78b5]  VM_Operation::evaluate()+0x55
V  [libjvm.so+0x9a5c7a]  VMThread::evaluate_operation(VM_Operation*)+0xba
V  [libjvm.so+0x9a5ffe]  VMThread::loop()+0x1ce
V  [libjvm.so+0x9a6470]  VMThread::run()+0x70
V  [libjvm.so+0x81f988]  java_start(Thread*)+0x108

VM_Operation (0x00007f6063e9f020): ParallelGCFailedAllocation, mode: safepoint, requested by thread 0x00007f605c00a000


---------------  P R O C E S S  ---------------

Java Threads: ( => current thread )
  0x00007f605c092000 JavaThread "Service Thread" daemon [_thread_blocked, id=4517, stack(0x00007f6056bea000,0x00007f6056ceb000)]
  0x00007f605c08f800 JavaThread "C2 CompilerThread1" daemon [_thread_blocked, id=4516, stack(0x00007f6056ceb000,0x00007f6056dec000)]
  0x00007f605c08d000 JavaThread "C2 CompilerThread0" daemon [_thread_blocked, id=4515, stack(0x00007f6056dec000,0x00007f6056eed000)]
  0x00007f605c08b000 JavaThread "Signal Dispatcher" daemon [_thread_blocked, id=4514, stack(0x00007f6056eed000,0x00007f6056fee000)]
  0x00007f605c06b800 JavaThread "Finalizer" daemon [_thread_blocked, id=4512, stack(0x00007f60579bc000,0x00007f6057abd000)]
  0x00007f605c069800 JavaThread "Reference Handler" daemon [_thread_blocked, id=4511, stack(0x00007f6057abd000,0x00007f6057bbe000)]
  0x00007f605c00a000 JavaThread "main" [_thread_blocked, id=4507, stack(0x00007f6063da1000,0x00007f6063ea2000)]

Other Threads:
=>0x00007f605c065800 VMThread [stack: 0x00007f6057bbe000,0x00007f6057cbf000] [id=4510]
  0x00007f605c09c800 WatcherThread [stack: 0x00007f6056ae9000,0x00007f6056bea000] [id=4518]

VM state:at safepoint (normal execution)

VM Mutex/Monitor currently owned by a thread:  ([mutex/lock_event])
[0x00007f605c0063d0] Threads_lock - owner thread: 0x00007f605c065800
[0x00007f605c0068d0] Heap_lock - owner thread: 0x00007f605c00a000

Heap
 PSYoungGen      total 58368K, used 4012K [0x00000000f5880000, 0x00000000f9800000, 0x0000000100000000)
  eden space 51712K, 0% used [0x00000000f5880000,0x00000000f5880000,0x00000000f8b00000)
  from space 6656K, 60% used [0x00000000f9180000,0x00000000f956b2a0,0x00000000f9800000)
  to   space 2560K, 0% used [0x00000000f8d00000,0x00000000f8d00000,0x00000000f8f80000)
 ParOldGen       total 20992K, used 15923K [0x00000000e0a00000, 0x00000000e1e80000, 0x00000000f5880000)
  object space 20992K, 75% used [0x00000000e0a00000,0x00000000e198cdf8,0x00000000e1e80000)
 PSPermGen       total 21504K, used 20025K [0x00000000db800000, 0x00000000dcd00000, 0x00000000e0a00000)
  object space 21504K, 93% used [0x00000000db800000,0x00000000dcb8e6e8,0x00000000dcd00000)

Card table byte_map: [0x00007f6060f68000,0x00007f606108d000] byte_map_base: 0x00007f606088c000

Polling page: 0x00007f6063ebe000

Code Cache  [0x00007f6059000000, 0x00007f6059270000, 0x00007f605c000000)
 total_blobs=764 nmethods=451 adapters=265 free_code_cache=47536Kb largest_free_block=48637952

Compilation events (10 events):
Event: 114,136 Thread 0x00007f605c08d000  484             java.io.UnixFileSystem::parentOrNull (118 bytes)
Event: 114,163 Thread 0x00007f605c08d000 nmethod 484 0x00007f605918e950 code [0x00007f605918eac0, 0x00007f605918f0d8]
Event: 116,488 Thread 0x00007f605c08f800  485             java.util.jar.JarFile::getEntry (22 bytes)
Event: 116,490 Thread 0x00007f605c08f800 nmethod 485 0x00007f605918e5d0 code [0x00007f605918e720, 0x00007f605918e888]
Event: 117,786 Thread 0x00007f605c08f800  486             java.util.jar.JarFile::getJarEntry (9 bytes)
Event: 117,789 Thread 0x00007f605c08f800 nmethod 486 0x00007f605918c9d0 code [0x00007f605918cb20, 0x00007f605918cce8]
Event: 118,782 Thread 0x00007f605c08f800  487             java.net.URL::getProtocol (5 bytes)
Event: 118,784 Thread 0x00007f605c08f800 nmethod 487 0x00007f6059193810 code [0x00007f6059193940, 0x00007f6059193998]
Event: 123,603 Thread 0x00007f605c08f800  488   !         java.net.URL::<init> (543 bytes)
Event: 125,671 Thread 0x00007f605c08f800 nmethod 488 0x00007f6059199b10 code [0x00007f6059199e60, 0x00007f605919bb90]

GC Heap History (10 events):
Event: 26,881 GC heap after
Heap after GC invocations=7 (full 0):
 PSYoungGen      total 20480K, used 3056K [0x00000000f5880000, 0x00000000f8280000, 0x0000000100000000)
  eden space 17408K, 0% used [0x00000000f5880000,0x00000000f5880000,0x00000000f6980000)
  from space 3072K, 99% used [0x00000000f6980000,0x00000000f6c7c3b8,0x00000000f6c80000)
  to   space 4096K, 0% used [0x00000000f7e80000,0x00000000f7e80000,0x00000000f8280000)
 ParOldGen       total 20992K, used 6141K [0x00000000e0a00000, 0x00000000e1e80000, 0x00000000f5880000)
  object space 20992K, 29% used [0x00000000e0a00000,0x00000000e0fff4c0,0x00000000e1e80000)
 PSPermGen       total 21504K, used 12030K [0x00000000db800000, 0x00000000dcd00000, 0x00000000e0a00000)
  object space 21504K, 55% used [0x00000000db800000,0x00000000dc3bf900,0x00000000dcd00000)
}
Event: 28,462 GC heap before
{Heap before GC invocations=8 (full 0):
 PSYoungGen      total 20480K, used 20464K [0x00000000f5880000, 0x00000000f8280000, 0x0000000100000000)
  eden space 17408K, 100% used [0x00000000f5880000,0x00000000f6980000,0x00000000f6980000)
  from space 3072K, 99% used [0x00000000f6980000,0x00000000f6c7c3b8,0x00000000f6c80000)
  to   space 4096K, 0% used [0x00000000f7e80000,0x00000000f7e80000,0x00000000f8280000)
 ParOldGen       total 20992K, used 6141K [0x00000000e0a00000, 0x00000000e1e80000, 0x00000000f5880000)
  object space 20992K, 29% used [0x00000000e0a00000,0x00000000e0fff4c0,0x00000000e1e80000)
 PSPermGen       total 21504K, used 12208K [0x00000000db800000, 0x00000000dcd00000, 0x00000000e0a00000)
  object space 21504K, 56% used [0x00000000db800000,0x00000000dc3ec348,0x00000000dcd00000)
Event: 28,485 GC heap after
Heap after GC invocations=8 (full 0):
 PSYoungGen      total 38400K, used 3640K [0x00000000f5880000, 0x00000000f8380000, 0x0000000100000000)
  eden space 34304K, 0% used [0x00000000f5880000,0x00000000f5880000,0x00000000f7a00000)
  from space 4096K, 88% used [0x00000000f7e80000,0x00000000f820e130,0x00000000f8280000)
  to   space 4608K, 0% used [0x00000000f7a00000,0x00000000f7a00000,0x00000000f7e80000)
 ParOldGen       total 20992K, used 6401K [0x00000000e0a00000, 0x00000000e1e80000, 0x00000000f5880000)
  object space 20992K, 30% used [0x00000000e0a00000,0x00000000e10404d0,0x00000000e1e80000)
 PSPermGen       total 21504K, used 12208K [0x00000000db800000, 0x00000000dcd00000, 0x00000000e0a00000)
  object space 21504K, 56% used [0x00000000db800000,0x00000000dc3ec348,0x00000000dcd00000)
}
Event: 30,386 GC heap before
{Heap before GC invocations=9 (full 0):
 PSYoungGen      total 38400K, used 37944K [0x00000000f5880000, 0x00000000f8380000, 0x0000000100000000)
  eden space 34304K, 100% used [0x00000000f5880000,0x00000000f7a00000,0x00000000f7a00000)
  from space 4096K, 88% used [0x00000000f7e80000,0x00000000f820e130,0x00000000f8280000)
  to   space 4608K, 0% used [0x00000000f7a00000,0x00000000f7a00000,0x00000000f7e80000)
 ParOldGen       total 20992K, used 6401K [0x00000000e0a00000, 0x00000000e1e80000, 0x00000000f5880000)
  object space 20992K, 30% used [0x00000000e0a00000,0x00000000e10404d0,0x00000000e1e80000)
 PSPermGen       total 21504K, used 12500K [0x00000000db800000, 0x00000000dcd00000, 0x00000000e0a00000)
  object space 21504K, 58% used [0x00000000db800000,0x00000000dc4352d8,0x00000000dcd00000)
Event: 30,432 GC heap after
Heap after GC invocations=9 (full 0):
 PSYoungGen      total 38912K, used 4416K [0x00000000f5880000, 0x00000000f9880000, 0x0000000100000000)
  eden space 34304K, 0% used [0x00000000f5880000,0x00000000f5880000,0x00000000f7a00000)
  from space 4608K, 95% used [0x00000000f7a00000,0x00000000f7e50248,0x00000000f7e80000)
  to   space 5120K, 0% used [0x00000000f9380000,0x00000000f9380000,0x00000000f9880000)
 ParOldGen       total 20992K, used 7129K [0x00000000e0a00000, 0x00000000e1e80000, 0x00000000f5880000)
  object space 20992K, 33% used [0x00000000e0a00000,0x00000000e10f64d0,0x00000000e1e80000)
 PSPermGen       total 21504K, used 12500K [0x00000000db800000, 0x00000000dcd00000, 0x00000000e0a00000)
  object space 21504K, 58% used [0x00000000db800000,0x00000000dc4352d8,0x00000000dcd00000)
}
Event: 84,928 GC heap before
{Heap before GC invocations=10 (full 0):
 PSYoungGen      total 38912K, used 38720K [0x00000000f5880000, 0x00000000f9880000, 0x0000000100000000)
  eden space 34304K, 100% used [0x00000000f5880000,0x00000000f7a00000,0x00000000f7a00000)
  from space 4608K, 95% used [0x00000000f7a00000,0x00000000f7e50248,0x00000000f7e80000)
  to   space 5120K, 0% used [0x00000000f9380000,0x00000000f9380000,0x00000000f9880000)
 ParOldGen       total 20992K, used 7129K [0x00000000e0a00000, 0x00000000e1e80000, 0x00000000f5880000)
  object space 20992K, 33% used [0x00000000e0a00000,0x00000000e10f64d0,0x00000000e1e80000)
 PSPermGen       total 21504K, used 15874K [0x00000000db800000, 0x00000000dcd00000, 0x00000000e0a00000)
  object space 21504K, 73% used [0x00000000db800000,0x00000000dc7808e8,0x00000000dcd00000)
Event: 85,090 GC heap after
Heap after GC invocations=10 (full 0):
 PSYoungGen      total 58880K, used 5090K [0x00000000f5880000, 0x00000000f9b80000, 0x0000000100000000)
  eden space 53760K, 0% used [0x00000000f5880000,0x00000000f5880000,0x00000000f8d00000)
  from space 5120K, 99% used [0x00000000f9380000,0x00000000f9878900,0x00000000f9880000)
  to   space 6656K, 0% used [0x00000000f8d00000,0x00000000f8d00000,0x00000000f9380000)
 ParOldGen       total 20992K, used 10083K [0x00000000e0a00000, 0x00000000e1e80000, 0x00000000f5880000)
  object space 20992K, 48% used [0x00000000e0a00000,0x00000000e13d8da8,0x00000000e1e80000)
 PSPermGen       total 21504K, used 15874K [0x00000000db800000, 0x00000000dcd00000, 0x00000000e0a00000)
  object space 21504K, 73% used [0x00000000db800000,0x00000000dc7808e8,0x00000000dcd00000)
}
Event: 104,143 GC heap before
{Heap before GC invocations=11 (full 0):
 PSYoungGen      total 58880K, used 58850K [0x00000000f5880000, 0x00000000f9b80000, 0x0000000100000000)
  eden space 53760K, 100% used [0x00000000f5880000,0x00000000f8d00000,0x00000000f8d00000)
  from space 5120K, 99% used [0x00000000f9380000,0x00000000f9878900,0x00000000f9880000)
  to   space 6656K, 0% used [0x00000000f8d00000,0x00000000f8d00000,0x00000000f9380000)
 ParOldGen       total 20992K, used 10083K [0x00000000e0a00000, 0x00000000e1e80000, 0x00000000f5880000)
  object space 20992K, 48% used [0x00000000e0a00000,0x00000000e13d8da8,0x00000000e1e80000)
 PSPermGen       total 21504K, used 15927K [0x00000000db800000, 0x00000000dcd00000, 0x00000000e0a00000)
  object space 21504K, 74% used [0x00000000db800000,0x00000000dc78ded8,0x00000000dcd00000)
Event: 104,212 GC heap after
Heap after GC invocations=11 (full 0):
 PSYoungGen      total 54272K, used 2368K [0x00000000f5880000, 0x00000000f9800000, 0x0000000100000000)
  eden space 51712K, 0% used [0x00000000f5880000,0x00000000f5880000,0x00000000f8b00000)
  from space 2560K, 92% used [0x00000000f8d00000,0x00000000f8f50000,0x00000000f8f80000)
  to   space 6656K, 0% used [0x00000000f9180000,0x00000000f9180000,0x00000000f9800000)
 ParOldGen       total 20992K, used 13843K [0x00000000e0a00000, 0x00000000e1e80000, 0x00000000f5880000)
  object space 20992K, 65% used [0x00000000e0a00000,0x00000000e1784df8,0x00000000e1e80000)
 PSPermGen       total 21504K, used 15927K [0x00000000db800000, 0x00000000dcd00000, 0x00000000e0a00000)
  object space 21504K, 74% used [0x00000000db800000,0x00000000dc78ded8,0x00000000dcd00000)
}
Event: 128,746 GC heap before
{Heap before GC invocations=12 (full 0):
 PSYoungGen      total 54272K, used 54080K [0x00000000f5880000, 0x00000000f9800000, 0x0000000100000000)
  eden space 51712K, 100% used [0x00000000f5880000,0x00000000f8b00000,0x00000000f8b00000)
  from space 2560K, 92% used [0x00000000f8d00000,0x00000000f8f50000,0x00000000f8f80000)
  to   space 6656K, 0% used [0x00000000f9180000,0x00000000f9180000,0x00000000f9800000)
 ParOldGen       total 20992K, used 13843K [0x00000000e0a00000, 0x00000000e1e80000, 0x00000000f5880000)
  object space 20992K, 65% used [0x00000000e0a00000,0x00000000e1784df8,0x00000000e1e80000)
 PSPermGen       total 21504K, used 20025K [0x00000000db800000, 0x00000000dcd00000, 0x00000000e0a00000)
  object space 21504K, 93% used [0x00000000db800000,0x00000000dcb8e6e8,0x00000000dcd00000)

Deoptimization events (10 events):
Event: 84,333 Thread 0x00007f605c00a000 Uncommon trap: reason=intrinsic action=make_not_entrant pc=0x00007f6059112484 method=org.apache.maven.model.Dependency.getManagementKey()Ljava/lang/String; @ 0
Event: 104,066 Thread 0x00007f605c00a000 Uncommon trap: reason=unreached action=reinterpret pc=0x00007f6059116328 method=org.codehaus.plexus.interpolation.StringSearchInterpolator.interpolate(Ljava/lang/String;Lorg/codehaus/plexus/interpolation/RecursionInterceptor;Ljava/util/Set;)Ljava/lang/Str
Event: 105,666 Thread 0x00007f605c00a000 Uncommon trap: reason=unreached action=reinterpret pc=0x00007f60590780c8 method=java.util.Collections.eq(Ljava/lang/Object;Ljava/lang/Object;)Z @ 1
Event: 106,617 Thread 0x00007f605c00a000 Uncommon trap: reason=null_check action=make_not_entrant pc=0x00007f60591580d0 method=java.util.jar.Attributes.putValue(Ljava/lang/String;Ljava/lang/String;)Ljava/lang/String; @ 13
Event: 107,677 Thread 0x00007f605c00a000 Uncommon trap: reason=null_check action=make_not_entrant pc=0x00007f60591620b4 method=sun.nio.cs.StreamDecoder.inReady()Z @ 21
Event: 108,549 Thread 0x00007f605c00a000 Uncommon trap: reason=null_check action=make_not_entrant pc=0x00007f605917c73c method=java.lang.reflect.Field.getAnnotation(Ljava/lang/Class;)Ljava/lang/annotation/Annotation; @ 22
Event: 109,536 Thread 0x00007f605c00a000 Uncommon trap: reason=bimorphic action=maybe_recompile pc=0x00007f6059079cb4 method=java.util.AbstractCollection.containsAll(Ljava/util/Collection;)Z @ 25
Event: 109,559 Thread 0x00007f605c00a000 Uncommon trap: reason=bimorphic action=maybe_recompile pc=0x00007f6059079cb4 method=java.util.AbstractCollection.containsAll(Ljava/util/Collection;)Z @ 25
Event: 111,309 Thread 0x00007f605c00a000 Uncommon trap: reason=bimorphic action=maybe_recompile pc=0x00007f6059079cb4 method=java.util.AbstractCollection.containsAll(Ljava/util/Collection;)Z @ 25
Event: 111,310 Thread 0x00007f605c00a000 Uncommon trap: reason=bimorphic action=maybe_recompile pc=0x00007f6059079cb4 method=java.util.AbstractCollection.containsAll(Ljava/util/Collection;)Z @ 25

Internal exceptions (10 events):
Event: 127,310 Thread 0x00007f605c00a000 Threw 0x00000000f8ae31c0 at /HUDSON/workspace/7u-2-build-linux-amd64/jdk7u67/1368/hotspot/src/share/vm/prims/jvm.cpp:1244
Event: 127,310 Thread 0x00007f605c00a000 Threw 0x00000000f8ae38a0 at /HUDSON/workspace/7u-2-build-linux-amd64/jdk7u67/1368/hotspot/src/share/vm/prims/jvm.cpp:1244
Event: 127,319 Thread 0x00007f605c00a000 Threw 0x00000000f8ae5c60 at /HUDSON/workspace/7u-2-build-linux-amd64/jdk7u67/1368/hotspot/src/share/vm/prims/jvm.cpp:1244
Event: 127,319 Thread 0x00007f605c00a000 Threw 0x00000000f8ae6340 at /HUDSON/workspace/7u-2-build-linux-amd64/jdk7u67/1368/hotspot/src/share/vm/prims/jvm.cpp:1244
Event: 127,328 Thread 0x00007f605c00a000 Threw 0x00000000f8ae87d0 at /HUDSON/workspace/7u-2-build-linux-amd64/jdk7u67/1368/hotspot/src/share/vm/prims/jvm.cpp:1244
Event: 127,328 Thread 0x00007f605c00a000 Threw 0x00000000f8ae8e60 at /HUDSON/workspace/7u-2-build-linux-amd64/jdk7u67/1368/hotspot/src/share/vm/prims/jvm.cpp:1244
Event: 127,539 Thread 0x00007f605c00a000 Threw 0x00000000f8af0ba0 at /HUDSON/workspace/7u-2-build-linux-amd64/jdk7u67/1368/hotspot/src/share/vm/prims/jvm.cpp:1244
Event: 127,539 Thread 0x00007f605c00a000 Threw 0x00000000f8af1230 at /HUDSON/workspace/7u-2-build-linux-amd64/jdk7u67/1368/hotspot/src/share/vm/prims/jvm.cpp:1244
Event: 127,593 Thread 0x00007f605c00a000 Threw 0x00000000f8af4b08 at /HUDSON/workspace/7u-2-build-linux-amd64/jdk7u67/1368/hotspot/src/share/vm/prims/jvm.cpp:1244
Event: 127,593 Thread 0x00007f605c00a000 Threw 0x00000000f8af51a8 at /HUDSON/workspace/7u-2-build-linux-amd64/jdk7u67/1368/hotspot/src/share/vm/prims/jvm.cpp:1244

Events (10 events):
Event: 127,327 loading class 0x00007f605c80b8f0 done
Event: 127,335 loading class 0x00007f605c860d30
Event: 127,374 loading class 0x00007f605c860d30 done
Event: 127,380 loading class 0x00007f605c843ed0
Event: 127,533 loading class 0x00007f605c843ed0 done
Event: 127,538 loading class 0x00007f605c8463e0
Event: 127,538 loading class 0x00007f605c8463e0 done
Event: 127,592 loading class 0x00007f605c83cb80
Event: 127,592 loading class 0x00007f605c83cb80 done
Event: 128,604 Executing VM operation: ParallelGCFailedAllocation


Dynamic libraries:
00400000-00401000 r-xp 00000000 08:01 753296                             /home/martin/opt/jdk1.7.0_67/bin/java
00600000-00601000 rw-p 00000000 08:01 753296                             /home/martin/opt/jdk1.7.0_67/bin/java
01917000-01938000 rw-p 00000000 00:00 0                                  [heap]
db800000-dcd00000 rw-p 00000000 00:00 0 
dcd00000-e0a00000 rw-p 00000000 00:00 0 
e0a00000-e1e80000 rw-p 00000000 00:00 0 
e1e80000-f5880000 rw-p 00000000 00:00 0 
f5880000-f9800000 rw-p 00000000 00:00 0 
fb680000-100000000 rw-p 00000000 00:00 0 
7f6020000000-7f602004d000 rw-p 00000000 00:00 0 
7f602004d000-7f6024000000 ---p 00000000 00:00 0 
7f6028000000-7f6028021000 rw-p 00000000 00:00 0 
7f6028021000-7f602c000000 ---p 00000000 00:00 0 
7f602c000000-7f602c021000 rw-p 00000000 00:00 0 
7f602c021000-7f6030000000 ---p 00000000 00:00 0 
7f6030000000-7f6030965000 rw-p 00000000 00:00 0 
7f6030965000-7f6034000000 ---p 00000000 00:00 0 
7f6034000000-7f6034021000 rw-p 00000000 00:00 0 
7f6034021000-7f6038000000 ---p 00000000 00:00 0 
7f6038000000-7f6038021000 rw-p 00000000 00:00 0 
7f6038021000-7f603c000000 ---p 00000000 00:00 0 
7f603c000000-7f603ca09000 rw-p 00000000 00:00 0 
7f603ca09000-7f6040000000 ---p 00000000 00:00 0 
7f6040000000-7f6040021000 rw-p 00000000 00:00 0 
7f6040021000-7f6044000000 ---p 00000000 00:00 0 
7f6044000000-7f6044021000 rw-p 00000000 00:00 0 
7f6044021000-7f6048000000 ---p 00000000 00:00 0 
7f6048000000-7f6048025000 rw-p 00000000 00:00 0 
7f6048025000-7f604c000000 ---p 00000000 00:00 0 
7f604c000000-7f604c250000 rw-p 00000000 00:00 0 
7f604c250000-7f6050000000 ---p 00000000 00:00 0 
7f6050000000-7f6050021000 rw-p 00000000 00:00 0 
7f6050021000-7f6054000000 ---p 00000000 00:00 0 
7f6055912000-7f6055913000 rw-p 00000000 00:00 0 
7f6055913000-7f605591a000 r--s 00000000 08:01 621416                     /usr/lib/x86_64-linux-gnu/gconv/gconv-modules.cache
7f605591a000-7f6055940000 r--p 00000000 08:01 796379                     /usr/share/locale-langpack/es/LC_MESSAGES/libc.mo
7f6055940000-7f60559ab000 r--s 00e22000 08:01 756572                     /home/martin/opt/jdk1.7.0_67/lib/tools.jar
7f60559ab000-7f60559ae000 r--s 0001b000 08:01 1969641                    /home/martin/.m2/repository/junit/junit/3.8.2/junit-3.8.2.jar
7f60559ae000-7f60559bc000 r--s 0008f000 08:01 1969640                    /home/martin/.m2/repository/com/google/collections/google-collections/1.0/google-collections-1.0.jar
7f60559bc000-7f60559bd000 r--s 0000a000 08:01 1969637                    /home/martin/.m2/repository/commons-logging/commons-logging-api/1.1/commons-logging-api-1.1.jar
7f60559bd000-7f60559c4000 r--s 00051000 08:01 1969636                    /home/martin/.m2/repository/log4j/log4j/1.2.12/log4j-1.2.12.jar
7f60559c4000-7f60559c8000 r--s 0001d000 08:01 1969633                    /home/martin/.m2/repository/org/apache/xbean/xbean-reflect/3.4/xbean-reflect-3.4.jar
7f60559c8000-7f60559c9000 r--s 00004000 08:01 1969631                    /home/martin/.m2/repository/org/codehaus/plexus/plexus-compiler-javac/2.2/plexus-compiler-javac-2.2.jar
7f60559c9000-7f60559cb000 r--s 00000000 08:01 1969629                    /home/martin/.m2/repository/org/codehaus/plexus/plexus-compiler-manager/2.2/plexus-compiler-manager-2.2.jar
7f60559cb000-7f60559cd000 r--s 00005000 08:01 1969628                    /home/martin/.m2/repository/org/codehaus/plexus/plexus-compiler-api/2.2/plexus-compiler-api-2.2.jar
7f60559cd000-7f60559cf000 r--s 00002000 08:01 1969627                    /home/martin/.m2/repository/org/apache/maven/shared/maven-shared-incremental/1.1/maven-shared-incremental-1.1.jar
7f60559cf000-7f60559d1000 r--s 00006000 08:01 1967947                    /home/martin/.m2/repository/com/google/code/findbugs/jsr305/2.0.1/jsr305-2.0.1.jar
7f60559d1000-7f60559d4000 r--s 00023000 08:01 1969625                    /home/martin/.m2/repository/org/apache/maven/shared/maven-shared-utils/0.1/maven-shared-utils-0.1.jar
7f60559d4000-7f60559d8000 r--s 00030000 08:01 1969626                    /home/martin/.m2/repository/org/codehaus/plexus/plexus-utils/1.5.1/plexus-utils-1.5.1.jar
7f60559d8000-7f60559da000 r--s 00009000 08:01 1968293                    /home/martin/.m2/repository/org/apache/maven/plugins/maven-compiler-plugin/3.1/maven-compiler-plugin-3.1.jar
7f60559da000-7f60559dc000 r--s 0000d000 08:01 1969485                    /home/martin/.m2/repository/org/codehaus/plexus/plexus-interpolation/1.13/plexus-interpolation-1.13.jar
7f60559dc000-7f60559dd000 r--s 00001000 08:01 1969488                    /home/martin/.m2/repository/org/sonatype/plexus/plexus-build-api/0.0.4/plexus-build-api-0.0.4.jar
7f60559dd000-7f60559df000 r--s 00009000 08:01 1969486                    /home/martin/.m2/repository/org/apache/maven/shared/maven-filtering/1.0/maven-filtering-1.0.jar
7f60559df000-7f60559e0000 r--s 00001000 08:01 1969489                    /home/martin/.m2/repository/org/apache/maven/doxia/doxia-sink-api/1.0-alpha-7/doxia-sink-api-1.0-alpha-7.jar
7f60559e0000-7f60559e1000 r--s 00002000 08:01 1969487                    /home/martin/.m2/repository/org/apache/maven/reporting/maven-reporting-api/2.0.6/maven-reporting-api-2.0.6.jar
7f60559e1000-7f60559e3000 r--s 00005000 08:01 1968162                    /home/martin/.m2/repository/org/apache/maven/plugins/maven-resources-plugin/2.5/maven-resources-plugin-2.5.jar
7f60559e3000-7f60559f1000 r--s 0007f000 08:01 1967952                    /home/martin/.m2/repository/commons-collections/commons-collections/3.2.1/commons-collections-3.2.1.jar
7f60559f1000-7f60559f6000 r--s 00041000 08:01 1969406                    /home/martin/.m2/repository/commons-lang/commons-lang/2.6/commons-lang-2.6.jar
7f60559f6000-7f60559f8000 r--s 00006000 08:01 1969403                    /home/martin/.m2/repository/org/apache/maven/shared/maven-invoker/2.0.11/maven-invoker-2.0.11.jar
7f60559f8000-7f60559fa000 r--s 00006000 08:01 1969400                    /home/martin/.m2/repository/org/apache/maven/shared/maven-common-artifact-filters/1.4/maven-common-artifact-filters-1.4.jar
7f60559fa000-7f60559fc000 r--s 0000c000 08:01 1969401                    /home/martin/.m2/repository/org/apache/maven/shared/maven-dependency-tree/2.0/maven-dependency-tree-2.0.jar
7f60559fc000-7f60559fe000 r--s 00000000 08:01 1969397                    /home/martin/.m2/repository/org/codehaus/plexus/plexus-component-annotations/1.5.5/plexus-component-annotations-1.5.5.jar
7f60559fe000-7f60559ff000 r--s 0000a000 08:01 1969395                    /home/martin/.m2/repository/asm/asm/3.3.1/asm-3.3.1.jar
7f60559ff000-7f6055a01000 r--s 00005000 08:01 1969393                    /home/martin/.m2/repository/org/apache/maven/shared/maven-dependency-analyzer/1.3/maven-dependency-analyzer-1.3.jar
7f6055a01000-7f6055a04000 r--s 0000c000 08:01 1969391                    /home/martin/.m2/repository/org/codehaus/plexus/plexus-io/2.0.6/plexus-io-2.0.6.jar
7f6055a04000-7f6055a07000 r--s 0001b000 08:01 1969389                    /home/martin/.m2/repository/junit/junit/3.8.1/junit-3.8.1.jar
7f6055a07000-7f6055a09000 r--s 00008000 08:01 1969387                    /home/martin/.m2/repository/org/apache/maven/shared/maven-shared-io/1.1/maven-shared-io-1.1.jar
7f6055a09000-7f6055a0b000 r--s 00008000 08:01 1969386                    /home/martin/.m2/repository/org/apache/maven/shared/file-management/1.2.1/file-management-1.2.1.jar
7f6055a0b000-7f6055a0f000 r--s 00035000 08:01 1969383                    /home/martin/.m2/repository/org/codehaus/plexus/plexus-utils/3.0.9/plexus-utils-3.0.9.jar
7f6055a0f000-7f6055a14000 r--s 00029000 08:01 1969381                    /home/martin/.m2/repository/org/codehaus/plexus/plexus-archiver/2.2/plexus-archiver-2.2.jar
7f6055a14000-7f6055a16000 r--s 00004000 08:01 1969380                    /home/martin/.m2/repository/org/apache/maven/doxia/doxia-module-xhtml/1.0/doxia-module-xhtml-1.0.jar
7f6055a16000-7f6055a17000 r--s 00006000 08:01 1969377                    /home/martin/.m2/repository/org/apache/maven/doxia/doxia-module-xdoc/1.0/doxia-module-xdoc-1.0.jar
7f6055a17000-7f6055a18000 r--s 00004000 08:01 1969375                    /home/martin/.m2/repository/org/apache/maven/doxia/doxia-module-fml/1.0/doxia-module-fml-1.0.jar
7f6055a18000-7f6055a1a000 r--s 0000a000 08:01 1969374                    /home/martin/.m2/repository/org/apache/maven/doxia/doxia-module-apt/1.0/doxia-module-apt-1.0.jar
7f6055a1a000-7f6055a1b000 r--s 0000b000 08:01 1969373                    /home/martin/.m2/repository/org/apache/maven/doxia/doxia-decoration-model/1.0/doxia-decoration-model-1.0.jar
7f6055a1b000-7f6055a23000 r--s 00058000 08:01 1969369                    /home/martin/.m2/repository/org/apache/velocity/velocity/1.5/velocity-1.5.jar
7f6055a23000-7f6055a24000 r--s 00001000 08:01 1969367                    /home/martin/.m2/repository/org/codehaus/plexus/plexus-velocity/1.1.7/plexus-velocity-1.1.7.jar
7f6055a24000-7f6055a26000 r--s 0000a000 08:01 1969364                    /home/martin/.m2/repository/org/apache/maven/doxia/doxia-site-renderer/1.0/doxia-site-renderer-1.0.jar
7f6055a26000-7f6055a3d000 r-xp 00000000 08:01 870394                     /lib/x86_64-linux-gnu/libresolv-2.19.so
7f6055a3d000-7f6055c3d000 ---p 00017000 08:01 870394                     /lib/x86_64-linux-gnu/libresolv-2.19.so
7f6055c3d000-7f6055c3e000 r--p 00017000 08:01 870394                     /lib/x86_64-linux-gnu/libresolv-2.19.so
7f6055c3e000-7f6055c3f000 rw-p 00018000 08:01 870394                     /lib/x86_64-linux-gnu/libresolv-2.19.so
7f6055c3f000-7f6055c41000 rw-p 00000000 00:00 0 
7f6055c41000-7f6055c46000 r-xp 00000000 08:01 874195                     /lib/x86_64-linux-gnu/libnss_dns-2.19.so
7f6055c46000-7f6055e45000 ---p 00005000 08:01 874195                     /lib/x86_64-linux-gnu/libnss_dns-2.19.so
7f6055e45000-7f6055e46000 r--p 00004000 08:01 874195                     /lib/x86_64-linux-gnu/libnss_dns-2.19.so
7f6055e46000-7f6055e47000 rw-p 00005000 08:01 874195                     /lib/x86_64-linux-gnu/libnss_dns-2.19.so
7f6055e47000-7f6055e49000 r-xp 00000000 08:01 790756                     /lib/x86_64-linux-gnu/libnss_mdns4_minimal.so.2
7f6055e49000-7f6056048000 ---p 00002000 08:01 790756                     /lib/x86_64-linux-gnu/libnss_mdns4_minimal.so.2
7f6056048000-7f6056049000 r--p 00001000 08:01 790756                     /lib/x86_64-linux-gnu/libnss_mdns4_minimal.so.2
7f6056049000-7f605604a000 rw-p 00002000 08:01 790756                     /lib/x86_64-linux-gnu/libnss_mdns4_minimal.so.2
7f605604a000-7f605604b000 r--s 00002000 08:01 1969365                    /home/martin/.m2/repository/org/codehaus/plexus/plexus-i18n/1.0-beta-7/plexus-i18n-1.0-beta-7.jar
7f605604b000-7f6056050000 r--s 00016000 08:01 1967896                    /home/martin/.m2/repository/xml-apis/xml-apis/1.0.b2/xml-apis-1.0.b2.jar
7f6056050000-7f6056052000 r--s 0000e000 08:01 1969361                    /home/martin/.m2/repository/oro/oro/2.0.8/oro-2.0.8.jar
7f6056052000-7f6056054000 r--s 00008000 08:01 1969357                    /home/martin/.m2/repository/commons-logging/commons-logging/1.0.4/commons-logging-1.0.4.jar
7f6056054000-7f6056058000 r--s 00026000 08:01 1969355                    /home/martin/.m2/repository/commons-digester/commons-digester/1.6/commons-digester-1.6.jar
7f6056058000-7f605605d000 r--s 0002a000 08:01 1969354                    /home/martin/.m2/repository/commons-beanutils/commons-beanutils/1.7.0/commons-beanutils-1.7.0.jar
7f605605d000-7f6056060000 r--s 00014000 08:01 1969351                    /home/martin/.m2/repository/commons-validator/commons-validator/1.2.0/commons-validator-1.2.0.jar
7f6056060000-7f6056063000 r--s 00018000 08:01 1969349                    /home/martin/.m2/repository/commons-io/commons-io/1.4/commons-io-1.4.jar
7f6056063000-7f6056066000 ---p 00000000 00:00 0 
7f6056066000-7f6056164000 rw-p 00000000 00:00 0 
7f6056164000-7f605617a000 r-xp 00000000 08:01 791769                     /lib/x86_64-linux-gnu/libgcc_s.so.1
7f605617a000-7f6056379000 ---p 00016000 08:01 791769                     /lib/x86_64-linux-gnu/libgcc_s.so.1
7f6056379000-7f605637a000 rw-p 00015000 08:01 791769                     /lib/x86_64-linux-gnu/libgcc_s.so.1
7f605637a000-7f605637b000 r--s 00002000 08:01 1969360                    /home/martin/.m2/repository/org/apache/maven/doxia/doxia-sink-api/1.0/doxia-sink-api-1.0.jar
7f605637b000-7f605637d000 r--s 00009000 08:01 1969350                    /home/martin/.m2/repository/org/apache/maven/shared/maven-doxia-tools/1.0.2/maven-doxia-tools-1.0.2.jar
7f605637d000-7f6056380000 r--s 0000b000 08:01 1969343                    /home/martin/.m2/repository/org/apache/maven/doxia/doxia-core/1.0/doxia-core-1.0.jar
7f6056380000-7f6056382000 r--s 00004000 08:01 1969345                    /home/martin/.m2/repository/org/apache/maven/reporting/maven-reporting-impl/2.0.5/maven-reporting-impl-2.0.5.jar
7f6056382000-7f6056383000 r--s 00002000 08:01 1969344                    /home/martin/.m2/repository/org/apache/maven/reporting/maven-reporting-api/3.0/maven-reporting-api-3.0.jar
7f6056383000-7f6056385000 r--s 00002000 08:01 1969342                    /home/martin/.m2/repository/org/codehaus/plexus/plexus-interactivity-api/1.0-alpha-4/plexus-interactivity-api-1.0-alpha-4.jar
7f6056385000-7f6056387000 r--s 00006000 08:01 1969341                    /home/martin/.m2/repository/commons-cli/commons-cli/1.0/commons-cli-1.0.jar
7f6056387000-7f605638a000 r--s 00021000 08:01 1968296                    /home/martin/.m2/repository/org/apache/maven/plugins/maven-dependency-plugin/2.6/maven-dependency-plugin-2.6.jar
7f605638a000-7f605638e000 r--s 00033000 08:01 1968522                    /home/martin/.m2/repository/org/codehaus/plexus/plexus-utils/2.0.5/plexus-utils-2.0.5.jar
7f605638e000-7f605638f000 r--s 00005000 08:01 1967221                    /home/martin/.m2/repository/org/apache/maven/plugins/maven-clean-plugin/2.4.1/maven-clean-plugin-2.4.1.jar
7f605638f000-7f6056393000 r--s 0002d000 08:01 764338                     /home/martin/opt/jdk1.7.0_67/jre/lib/ext/sunjce_provider.jar
7f6056393000-7f60563c5000 r-xp 00000000 08:01 775218                     /home/martin/opt/jdk1.7.0_67/jre/lib/amd64/libsunec.so
7f60563c5000-7f60565c4000 ---p 00032000 08:01 775218                     /home/martin/opt/jdk1.7.0_67/jre/lib/amd64/libsunec.so
7f60565c4000-7f60565ca000 rw-p 00031000 08:01 775218                     /home/martin/opt/jdk1.7.0_67/jre/lib/amd64/libsunec.so
7f60565ca000-7f60565da000 rw-p 00000000 00:00 0 
7f60565da000-7f60565db000 r--s 00003000 08:01 760223                     /home/martin/opt/jdk1.7.0_67/jre/lib/ext/sunec.jar
7f60565db000-7f60565de000 r--s 00037000 08:01 768450                     /home/martin/opt/jdk1.7.0_67/jre/lib/ext/sunpkcs11.jar
7f60565de000-7f60565e0000 r--s 00019000 08:01 773884                     /home/martin/opt/jdk1.7.0_67/jre/lib/jce.jar
7f60565e0000-7f60565e3000 ---p 00000000 00:00 0 
7f60565e3000-7f6056619000 rw-p 00000000 00:00 0 
7f6056619000-7f605661a000 r--p 00000000 00:00 0 
7f605661a000-7f605661e000 r--s 0008a000 08:01 772112                     /home/martin/opt/jdk1.7.0_67/jre/lib/jsse.jar
7f605661e000-7f6056620000 r--s 0000c000 08:01 780373                     /home/martin/netbeans-8.0.2/java/maven-nblib/netbeans-eventspy.jar
7f6056620000-7f6056626000 r--s 0003e000 08:01 780379                     /home/martin/netbeans-8.0.2/java/maven/lib/maven-compat-3.0.5.jar
7f6056626000-7f6056628000 r--s 0000a000 08:01 780349                     /home/martin/netbeans-8.0.2/java/maven/lib/maven-plugin-api-3.0.5.jar
7f6056628000-7f6056659000 rw-p 00000000 00:00 0 
7f6056659000-7f605666f000 r-xp 00000000 08:01 756479                     /home/martin/opt/jdk1.7.0_67/jre/lib/amd64/libnet.so
7f605666f000-7f605686f000 ---p 00016000 08:01 756479                     /home/martin/opt/jdk1.7.0_67/jre/lib/amd64/libnet.so
7f605686f000-7f6056870000 rw-p 00016000 08:01 756479                     /home/martin/opt/jdk1.7.0_67/jre/lib/amd64/libnet.so
7f6056870000-7f6056880000 r-xp 00000000 08:01 771459                     /home/martin/opt/jdk1.7.0_67/jre/lib/amd64/libnio.so
7f6056880000-7f6056a80000 ---p 00010000 08:01 771459                     /home/martin/opt/jdk1.7.0_67/jre/lib/amd64/libnio.so
7f6056a80000-7f6056a81000 rw-p 00010000 08:01 771459                     /home/martin/opt/jdk1.7.0_67/jre/lib/amd64/libnio.so
7f6056a81000-7f6056a84000 r--s 00033000 08:01 780376                     /home/martin/netbeans-8.0.2/java/maven/lib/plexus-utils-2.0.6.jar
7f6056a84000-7f6056aa2000 r--s 0014f000 08:01 780391                     /home/martin/netbeans-8.0.2/java/maven/lib/sisu-guava-0.9.9.jar
7f6056aa2000-7f6056aa6000 r--s 00012000 08:01 780384                     /home/martin/netbeans-8.0.2/java/maven/lib/aether-api-1.13.1.jar
7f6056aa6000-7f6056aae000 r--s 0004e000 08:01 780336                     /home/martin/netbeans-8.0.2/java/maven/lib/sisu-guice-3.1.0-no_aop.jar
7f6056aae000-7f6056ab0000 r--s 00009000 08:01 780364                     /home/martin/netbeans-8.0.2/java/maven/lib/maven-embedder-3.0.5.jar
7f6056ab0000-7f6056acb000 r--s 000e0000 08:01 780358                     /home/martin/netbeans-8.0.2/java/maven/lib/wagon-http-2.4-shaded.jar
7f6056acb000-7f6056acd000 r--s 0000c000 08:01 780271                     /home/martin/netbeans-8.0.2/java/maven/lib/maven-aether-provider-3.0.5.jar
7f6056acd000-7f6056acf000 r--s 00006000 08:01 780230                     /home/martin/netbeans-8.0.2/java/maven/lib/aether-connector-wagon-1.13.1.jar
7f6056acf000-7f6056ad4000 r--s 00020000 08:01 780304                     /home/martin/netbeans-8.0.2/java/maven/lib/maven-model-builder-3.0.5.jar
7f6056ad4000-7f6056ad8000 r--s 0001c000 08:01 780378                     /home/martin/netbeans-8.0.2/java/maven/lib/aether-util-1.13.1.jar
7f6056ad8000-7f6056ada000 r--s 0000b000 08:01 780348                     /home/martin/netbeans-8.0.2/java/maven/lib/wagon-provider-api-2.4.jar
7f6056ada000-7f6056adb000 r--s 00002000 08:01 780395                     /home/martin/netbeans-8.0.2/java/maven/lib/wagon-file-2.4.jar
7f6056adb000-7f6056add000 r--s 0000a000 08:01 780365                     /home/martin/netbeans-8.0.2/java/maven/lib/maven-settings-3.0.5.jar
7f6056add000-7f6056ae9000 r--s 0007b000 08:01 780390                     /home/martin/netbeans-8.0.2/java/maven/lib/maven-core-3.0.5.jar
7f6056ae9000-7f6056aea000 ---p 00000000 00:00 0 
7f6056aea000-7f6056bea000 rw-p 00000000 00:00 0                          [stack:4518]
7f6056bea000-7f6056bed000 ---p 00000000 00:00 0 
7f6056bed000-7f6056ceb000 rw-p 00000000 00:00 0                          [stack:4517]
7f6056ceb000-7f6056cee000 ---p 00000000 00:00 0 
7f6056cee000-7f6056dec000 rw-p 00000000 00:00 0                          [stack:4516]
7f6056dec000-7f6056def000 ---p 00000000 00:00 0 
7f6056def000-7f6056eed000 rw-p 00000000 00:00 0                          [stack:4515]
7f6056eed000-7f6056ef0000 ---p 00000000 00:00 0 
7f6056ef0000-7f6056fee000 rw-p 00000000 00:00 0                          [stack:4514]
7f6056fee000-7f60579bc000 r--p 00000000 08:01 398096                     /usr/lib/locale/locale-archive
7f60579bc000-7f60579bf000 ---p 00000000 00:00 0 
7f60579bf000-7f6057abd000 rw-p 00000000 00:00 0                          [stack:4512]
7f6057abd000-7f6057ac0000 ---p 00000000 00:00 0 
7f6057ac0000-7f6057bbe000 rw-p 00000000 00:00 0                          [stack:4511]
7f6057bbe000-7f6057bbf000 ---p 00000000 00:00 0 
7f6057bbf000-7f6059000000 rw-p 00000000 00:00 0                          [stack:4510]
7f6059000000-7f6059270000 rwxp 00000000 00:00 0 
7f6059270000-7f605c9d0000 rw-p 00000000 00:00 0 
7f605c9d0000-7f6060000000 ---p 00000000 00:00 0 
7f6060000000-7f6060003000 r--s 00008000 08:01 780255                     /home/martin/netbeans-8.0.2/java/maven/lib/maven-settings-builder-3.0.5.jar
7f6060003000-7f60608b9000 rw-p 00000000 00:00 0 
7f60608b9000-7f6060a78000 r--s 039e5000 08:01 763666                     /home/martin/opt/jdk1.7.0_67/jre/lib/rt.jar
7f6060a78000-7f6060c95000 rw-p 00000000 00:00 0 
7f6060c95000-7f6060c96000 ---p 00000000 00:00 0 
7f6060c96000-7f6060d96000 rw-p 00000000 00:00 0                          [stack:4509]
7f6060d96000-7f6060d97000 ---p 00000000 00:00 0 
7f6060d97000-7f6060ea2000 rw-p 00000000 00:00 0                          [stack:4508]
7f6060ea2000-7f6060ec0000 rw-p 00000000 00:00 0 
7f6060ec0000-7f6060ecb000 rw-p 00000000 00:00 0 
7f6060ecb000-7f6060f68000 rw-p 00000000 00:00 0 
7f6060f68000-7f6060f73000 rw-p 00000000 00:00 0 
7f6060f73000-7f6060f91000 rw-p 00000000 00:00 0 
7f6060f91000-7f6060f9c000 rw-p 00000000 00:00 0 
7f6060f9c000-7f6061038000 rw-p 00000000 00:00 0 
7f6061038000-7f6061058000 rw-p 00000000 00:00 0 
7f6061058000-7f606105a000 ---p 00000000 00:00 0 
7f606105a000-7f606108c000 rw-p 00000000 00:00 0 
7f606108c000-7f606108d000 rw-p 00000000 00:00 0 
7f606108d000-7f60610a7000 r-xp 00000000 08:01 766553                     /home/martin/opt/jdk1.7.0_67/jre/lib/amd64/libzip.so
7f60610a7000-7f60612a7000 ---p 0001a000 08:01 766553                     /home/martin/opt/jdk1.7.0_67/jre/lib/amd64/libzip.so
7f60612a7000-7f60612a8000 rw-p 0001a000 08:01 766553                     /home/martin/opt/jdk1.7.0_67/jre/lib/amd64/libzip.so
7f60612a8000-7f60612b2000 r-xp 00000000 08:01 874202                     /lib/x86_64-linux-gnu/libnss_files-2.19.so
7f60612b2000-7f60614b1000 ---p 0000a000 08:01 874202                     /lib/x86_64-linux-gnu/libnss_files-2.19.so
7f60614b1000-7f60614b2000 r--p 00009000 08:01 874202                     /lib/x86_64-linux-gnu/libnss_files-2.19.so
7f60614b2000-7f60614b3000 rw-p 0000a000 08:01 874202                     /lib/x86_64-linux-gnu/libnss_files-2.19.so
7f60614b3000-7f60614be000 r-xp 00000000 08:01 870472                     /lib/x86_64-linux-gnu/libnss_nis-2.19.so
7f60614be000-7f60616bd000 ---p 0000b000 08:01 870472                     /lib/x86_64-linux-gnu/libnss_nis-2.19.so
7f60616bd000-7f60616be000 r--p 0000a000 08:01 870472                     /lib/x86_64-linux-gnu/libnss_nis-2.19.so
7f60616be000-7f60616bf000 rw-p 0000b000 08:01 870472                     /lib/x86_64-linux-gnu/libnss_nis-2.19.so
7f60616bf000-7f60616d6000 r-xp 00000000 08:01 874196                     /lib/x86_64-linux-gnu/libnsl-2.19.so
7f60616d6000-7f60618d5000 ---p 00017000 08:01 874196                     /lib/x86_64-linux-gnu/libnsl-2.19.so
7f60618d5000-7f60618d6000 r--p 00016000 08:01 874196                     /lib/x86_64-linux-gnu/libnsl-2.19.so
7f60618d6000-7f60618d7000 rw-p 00017000 08:01 874196                     /lib/x86_64-linux-gnu/libnsl-2.19.so
7f60618d7000-7f60618d9000 rw-p 00000000 00:00 0 
7f60618d9000-7f60618e2000 r-xp 00000000 08:01 874194                     /lib/x86_64-linux-gnu/libnss_compat-2.19.so
7f60618e2000-7f6061ae1000 ---p 00009000 08:01 874194                     /lib/x86_64-linux-gnu/libnss_compat-2.19.so
7f6061ae1000-7f6061ae2000 r--p 00008000 08:01 874194                     /lib/x86_64-linux-gnu/libnss_compat-2.19.so
7f6061ae2000-7f6061ae3000 rw-p 00009000 08:01 874194                     /lib/x86_64-linux-gnu/libnss_compat-2.19.so
7f6061ae3000-7f6061b0c000 r-xp 00000000 08:01 758873                     /home/martin/opt/jdk1.7.0_67/jre/lib/amd64/libjava.so
7f6061b0c000-7f6061d0c000 ---p 00029000 08:01 758873                     /home/martin/opt/jdk1.7.0_67/jre/lib/amd64/libjava.so
7f6061d0c000-7f6061d0e000 rw-p 00029000 08:01 758873                     /home/martin/opt/jdk1.7.0_67/jre/lib/amd64/libjava.so
7f6061d0e000-7f6061d1b000 r-xp 00000000 08:01 753332                     /home/martin/opt/jdk1.7.0_67/jre/lib/amd64/libverify.so
7f6061d1b000-7f6061f1a000 ---p 0000d000 08:01 753332                     /home/martin/opt/jdk1.7.0_67/jre/lib/amd64/libverify.so
7f6061f1a000-7f6061f1c000 rw-p 0000c000 08:01 753332                     /home/martin/opt/jdk1.7.0_67/jre/lib/amd64/libverify.so
7f6061f1c000-7f6061f23000 r-xp 00000000 08:01 870391                     /lib/x86_64-linux-gnu/librt-2.19.so
7f6061f23000-7f6062122000 ---p 00007000 08:01 870391                     /lib/x86_64-linux-gnu/librt-2.19.so
7f6062122000-7f6062123000 r--p 00006000 08:01 870391                     /lib/x86_64-linux-gnu/librt-2.19.so
7f6062123000-7f6062124000 rw-p 00007000 08:01 870391                     /lib/x86_64-linux-gnu/librt-2.19.so
7f6062124000-7f6062229000 r-xp 00000000 08:01 874197                     /lib/x86_64-linux-gnu/libm-2.19.so
7f6062229000-7f6062428000 ---p 00105000 08:01 874197                     /lib/x86_64-linux-gnu/libm-2.19.so
7f6062428000-7f6062429000 r--p 00104000 08:01 874197                     /lib/x86_64-linux-gnu/libm-2.19.so
7f6062429000-7f606242a000 rw-p 00105000 08:01 874197                     /lib/x86_64-linux-gnu/libm-2.19.so
7f606242a000-7f6062f9a000 r-xp 00000000 08:01 752153                     /home/martin/opt/jdk1.7.0_67/jre/lib/amd64/server/libjvm.so
7f6062f9a000-7f6063199000 ---p 00b70000 08:01 752153                     /home/martin/opt/jdk1.7.0_67/jre/lib/amd64/server/libjvm.so
7f6063199000-7f606325e000 rw-p 00b6f000 08:01 752153                     /home/martin/opt/jdk1.7.0_67/jre/lib/amd64/server/libjvm.so
7f606325e000-7f606329e000 rw-p 00000000 00:00 0 
7f606329e000-7f606345c000 r-xp 00000000 08:01 874193                     /lib/x86_64-linux-gnu/libc-2.19.so
7f606345c000-7f606365b000 ---p 001be000 08:01 874193                     /lib/x86_64-linux-gnu/libc-2.19.so
7f606365b000-7f606365f000 r--p 001bd000 08:01 874193                     /lib/x86_64-linux-gnu/libc-2.19.so
7f606365f000-7f6063661000 rw-p 001c1000 08:01 874193                     /lib/x86_64-linux-gnu/libc-2.19.so
7f6063661000-7f6063666000 rw-p 00000000 00:00 0 
7f6063666000-7f6063669000 r-xp 00000000 08:01 874203                     /lib/x86_64-linux-gnu/libdl-2.19.so
7f6063669000-7f6063868000 ---p 00003000 08:01 874203                     /lib/x86_64-linux-gnu/libdl-2.19.so
7f6063868000-7f6063869000 r--p 00002000 08:01 874203                     /lib/x86_64-linux-gnu/libdl-2.19.so
7f6063869000-7f606386a000 rw-p 00003000 08:01 874203                     /lib/x86_64-linux-gnu/libdl-2.19.so
7f606386a000-7f6063880000 r-xp 00000000 08:01 764986                     /home/martin/opt/jdk1.7.0_67/lib/amd64/jli/libjli.so
7f6063880000-7f6063a80000 ---p 00016000 08:01 764986                     /home/martin/opt/jdk1.7.0_67/lib/amd64/jli/libjli.so
7f6063a80000-7f6063a81000 rw-p 00016000 08:01 764986                     /home/martin/opt/jdk1.7.0_67/lib/amd64/jli/libjli.so
7f6063a81000-7f6063a9a000 r-xp 00000000 08:01 874204                     /lib/x86_64-linux-gnu/libpthread-2.19.so
7f6063a9a000-7f6063c99000 ---p 00019000 08:01 874204                     /lib/x86_64-linux-gnu/libpthread-2.19.so
7f6063c99000-7f6063c9a000 r--p 00018000 08:01 874204                     /lib/x86_64-linux-gnu/libpthread-2.19.so
7f6063c9a000-7f6063c9b000 rw-p 00019000 08:01 874204                     /lib/x86_64-linux-gnu/libpthread-2.19.so
7f6063c9b000-7f6063c9f000 rw-p 00000000 00:00 0 
7f6063c9f000-7f6063cc2000 r-xp 00000000 08:01 874201                     /lib/x86_64-linux-gnu/ld-2.19.so
7f6063cc2000-7f6063cc3000 r--s 00006000 08:01 780305                     /home/martin/netbeans-8.0.2/java/maven/lib/plexus-sec-dispatcher-1.3.jar
7f6063cc3000-7f6063cc9000 r--s 0002b000 08:01 780325                     /home/martin/netbeans-8.0.2/java/maven/lib/sisu-inject-plexus-2.3.0.jar
7f6063cc9000-7f6063cca000 r--s 00009000 08:01 780393                     /home/martin/netbeans-8.0.2/java/maven/lib/commons-cli-1.2.jar
7f6063cca000-7f6063ccd000 r--s 00025000 08:01 780382                     /home/martin/netbeans-8.0.2/java/maven/lib/maven-model-3.0.5.jar
7f6063ccd000-7f6063ccf000 r--s 00000000 08:01 780062                     /home/martin/netbeans-8.0.2/java/maven/lib/plexus-component-annotations-1.5.5.jar
7f6063ccf000-7f6063cd1000 r--s 00006000 08:01 780166                     /home/martin/netbeans-8.0.2/java/maven/lib/maven-repository-metadata-3.0.5.jar
7f6063cd1000-7f6063cd3000 r--s 0000d000 08:01 780306                     /home/martin/netbeans-8.0.2/java/maven/lib/plexus-interpolation-1.14.jar
7f6063cd3000-7f6063cd5000 r--s 00002000 08:01 780383                     /home/martin/netbeans-8.0.2/java/maven/lib/plexus-cipher-1.7.jar
7f6063cd5000-7f6063cd7000 r--s 0000b000 08:01 780363                     /home/martin/netbeans-8.0.2/java/maven/lib/maven-artifact-3.0.5.jar
7f6063cd7000-7f6063cda000 r--s 0001d000 08:01 780377                     /home/martin/netbeans-8.0.2/java/maven/lib/aether-impl-1.13.1.jar
7f6063cda000-7f6063ce1000 r--s 0003e000 08:01 780350                     /home/martin/netbeans-8.0.2/java/maven/lib/sisu-inject-bean-2.3.0.jar
7f6063ce1000-7f6063ceb000 rw-p 00000000 00:00 0 
7f6063ceb000-7f6063da1000 rw-p 00000000 00:00 0 
7f6063da1000-7f6063da4000 ---p 00000000 00:00 0 
7f6063da4000-7f6063ea6000 rw-p 00000000 00:00 0                          [stack:4507]
7f6063ea6000-7f6063ea7000 r--s 00003000 08:01 780385                     /home/martin/netbeans-8.0.2/java/maven/lib/aether-spi-1.13.1.jar
7f6063ea7000-7f6063ea9000 r--s 0000a000 08:01 780338                     /home/martin/netbeans-8.0.2/java/maven/boot/plexus-classworlds-2.4.jar
7f6063ea9000-7f6063eb5000 rw-p 00000000 00:00 0 
7f6063eb5000-7f6063ebd000 rw-s 00000000 08:01 1970752                    /tmp/hsperfdata_martin/4504
7f6063ebd000-7f6063ebe000 rw-p 00000000 00:00 0 
7f6063ebe000-7f6063ebf000 ---p 00000000 00:00 0 
7f6063ebf000-7f6063ec1000 rw-p 00000000 00:00 0 
7f6063ec1000-7f6063ec2000 r--p 00022000 08:01 874201                     /lib/x86_64-linux-gnu/ld-2.19.so
7f6063ec2000-7f6063ec3000 rw-p 00023000 08:01 874201                     /lib/x86_64-linux-gnu/ld-2.19.so
7f6063ec3000-7f6063ec4000 rw-p 00000000 00:00 0 
7fffb3472000-7fffb3493000 rw-p 00000000 00:00 0                          [stack]
7fffb34cd000-7fffb34cf000 r-xp 00000000 00:00 0                          [vdso]
ffffffffff600000-ffffffffff601000 r-xp 00000000 00:00 0                  [vsyscall]

VM Arguments:
jvm_args: -Dclassworlds.conf=/home/martin/netbeans-8.0.2/java/maven/bin/m2.conf -Dmaven.home=/home/martin/netbeans-8.0.2/java/maven 
java_command: org.codehaus.plexus.classworlds.launcher.Launcher -Dmaven.ext.class.path=/home/martin/netbeans-8.0.2/java/maven-nblib/netbeans-eventspy.jar clean install
Launcher Type: SUN_STANDARD

Environment Variables:
JAVA_HOME=/home/martin/opt/jdk1.7.0_67
PATH=/home/martin/.rvm/gems/ruby-2.2.1/bin:/home/martin/.rvm/gems/ruby-2.2.1@global/bin:/home/martin/.rvm/rubies/ruby-2.2.1/bin:/usr/local/sbin:/usr/local/bin:/usr/sbin:/usr/bin:/sbin:/bin:/usr/games:/usr/local/games:/home/martin/.rvm/bin:/home/martin/.rvm/bin
LD_LIBRARY_PATH=/home/martin/opt/jdk1.7.0_67/jre/lib/amd64:/home/martin/opt/jdk1.7.0_67/jre/lib/i386:
SHELL=/bin/bash
DISPLAY=:0.0

Signal Handlers:
SIGSEGV: [libjvm.so+0x99f4a0], sa_mask[0]=0x7ffbfeff, sa_flags=0x10000004
SIGBUS: [libjvm.so+0x99f4a0], sa_mask[0]=0x7ffbfeff, sa_flags=0x10000004
SIGFPE: [libjvm.so+0x81a860], sa_mask[0]=0x7ffbfeff, sa_flags=0x10000004
SIGPIPE: [libjvm.so+0x81a860], sa_mask[0]=0x7ffbfeff, sa_flags=0x10000004
SIGXFSZ: [libjvm.so+0x81a860], sa_mask[0]=0x7ffbfeff, sa_flags=0x10000004
SIGILL: [libjvm.so+0x81a860], sa_mask[0]=0x7ffbfeff, sa_flags=0x10000004
SIGUSR1: SIG_DFL, sa_mask[0]=0x00000000, sa_flags=0x00000000
SIGUSR2: [libjvm.so+0x81c060], sa_mask[0]=0x00000004, sa_flags=0x10000004
SIGHUP: [libjvm.so+0x81d160], sa_mask[0]=0x7ffbfeff, sa_flags=0x10000004
SIGINT: SIG_IGN, sa_mask[0]=0x00000000, sa_flags=0x00000000
SIGTERM: [libjvm.so+0x81d160], sa_mask[0]=0x7ffbfeff, sa_flags=0x10000004
SIGQUIT: [libjvm.so+0x81d160], sa_mask[0]=0x7ffbfeff, sa_flags=0x10000004


---------------  S Y S T E M  ---------------

OS:jessie/sid

uname:Linux 3.13.0-116-generic #163-Ubuntu SMP Fri Mar 31 14:13:22 UTC 2017 x86_64
libc:glibc 2.19 NPTL 2.19 
rlimit: STACK 8192k, CORE 0k, NPROC 15839, NOFILE 4096, AS infinity
load average:4,12 3,31 2,89

/proc/meminfo:
MemTotal:        2049856 kB
MemFree:           69532 kB
Buffers:             388 kB
Cached:            46732 kB
SwapCached:            0 kB
Active:          1855224 kB
Inactive:          38108 kB
Active(anon):    1847012 kB
Inactive(anon):    25264 kB
Active(file):       8212 kB
Inactive(file):    12844 kB
Unevictable:          48 kB
Mlocked:              48 kB
SwapTotal:             0 kB
SwapFree:              0 kB
Dirty:               424 kB
Writeback:             0 kB
AnonPages:       1846312 kB
Mapped:            37376 kB
Shmem:             26012 kB
Slab:              36792 kB
SReclaimable:      16872 kB
SUnreclaim:        19920 kB
KernelStack:        3528 kB
PageTables:        25220 kB
NFS_Unstable:          0 kB
Bounce:                0 kB
WritebackTmp:          0 kB
CommitLimit:     1024928 kB
Committed_AS:    4064000 kB
VmallocTotal:   34359738367 kB
VmallocUsed:       28288 kB
VmallocChunk:   34359704680 kB
HardwareCorrupted:     0 kB
AnonHugePages:   1093632 kB
HugePages_Total:       0
HugePages_Free:        0
HugePages_Rsvd:        0
HugePages_Surp:        0
Hugepagesize:       2048 kB
DirectMap4k:       38848 kB
DirectMap2M:     2058240 kB


CPU:total 2 (2 cores per cpu, 1 threads per core) family 6 model 58 stepping 9, cmov, cx8, fxsr, mmx, sse, sse2, sse3, ssse3, sse4.1, sse4.2, popcnt, avx, aes, tsc, tscinvbit, tscinv

/proc/cpuinfo:
processor	: 0
vendor_id	: GenuineIntel
cpu family	: 6
model		: 58
model name	: Intel(R) Core(TM) i7-3630QM CPU @ 2.40GHz
stepping	: 9
microcode	: 0x19
cpu MHz		: 0.000
cache size	: 6144 KB
physical id	: 0
siblings	: 2
core id		: 0
cpu cores	: 2
apicid		: 0
initial apicid	: 0
fpu		: yes
fpu_exception	: yes
cpuid level	: 13
wp		: yes
flags		: fpu vme de pse tsc msr pae mce cx8 apic sep mtrr pge mca cmov pat pse36 clflush mmx fxsr sse sse2 ht syscall nx rdtscp lm constant_tsc rep_good nopl xtopology nonstop_tsc pni pclmulqdq ssse3 cx16 sse4_1 sse4_2 popcnt aes xsave avx rdrand lahf_lm
bogomips	: 4198.40
clflush size	: 64
cache_alignment	: 64
address sizes	: 36 bits physical, 48 bits virtual
power management:

processor	: 1
vendor_id	: GenuineIntel
cpu family	: 6
model		: 58
model name	: Intel(R) Core(TM) i7-3630QM CPU @ 2.40GHz
stepping	: 9
microcode	: 0x19
cpu MHz		: 0.000
cache size	: 6144 KB
physical id	: 0
siblings	: 2
core id		: 1
cpu cores	: 2
apicid		: 1
initial apicid	: 1
fpu		: yes
fpu_exception	: yes
cpuid level	: 13
wp		: yes
flags		: fpu vme de pse tsc msr pae mce cx8 apic sep mtrr pge mca cmov pat pse36 clflush mmx fxsr sse sse2 ht syscall nx rdtscp lm constant_tsc rep_good nopl xtopology nonstop_tsc pni pclmulqdq ssse3 cx16 sse4_1 sse4_2 popcnt aes xsave avx rdrand lahf_lm
bogomips	: 4198.40
clflush size	: 64
cache_alignment	: 64
address sizes	: 36 bits physical, 48 bits virtual
power management:



Memory: 4k page, physical 2049856k(69532k free), swap 0k(0k free)

vm_info: Java HotSpot(TM) 64-Bit Server VM (24.65-b04) for linux-amd64 JRE (1.7.0_67-b01), built on Jul 25 2014 09:20:21 by "java_re" with gcc 4.3.0 20080428 (Red Hat 4.3.0-8)

time: Fri Sep 29 23:36:54 2017
elapsed time: 133 seconds

